---Test epoch 1---
{
    "loss": 3.094,
    "accuracy": 0.054,
    "f1_score": 0.054
}
---Test epoch 1---
{
    "loss": 3.069,
    "accuracy": 0.064,
    "f1_score": 0.064
}
---Test epoch 2---
{
    "loss": 3.071,
    "accuracy": 0.07,
    "f1_score": 0.07
}
---Test epoch 2---
{
    "loss": 3.055,
    "accuracy": 0.076,
    "f1_score": 0.076
}
---Test epoch 3---
{
    "loss": 3.053,
    "accuracy": 0.079,
    "f1_score": 0.079
}
---Test epoch 3---
{
    "loss": 3.042,
    "accuracy": 0.08,
    "f1_score": 0.08
}
---Test epoch 4---
{
    "loss": 3.034,
    "accuracy": 0.093,
    "f1_score": 0.093
}
---Test epoch 4---
{
    "loss": 3.034,
    "accuracy": 0.072,
    "f1_score": 0.072
}
---Test epoch 5---
              precision    recall  f1-score   support

           0       0.05      0.06      0.06        51
           1       0.07      0.08      0.07        50
           2       0.05      0.05      0.05        59
           3       0.24      0.29      0.27        58
           4       0.22      0.27      0.24        51
           5       0.07      0.06      0.06        52
           6       0.14      0.16      0.15        45
           7       0.18      0.15      0.16        47
           8       0.09      0.15      0.11        34
           9       0.00      0.00      0.00        32
          10       0.21      0.20      0.20        30
          11       0.06      0.04      0.05        52
          12       0.12      0.07      0.09        46
          13       0.12      0.16      0.14        49
          14       0.04      0.03      0.03        39
          15       0.05      0.06      0.05        51
          16       0.12      0.07      0.09        44
          17       0.07      0.06      0.07        48
          18       0.03      0.02      0.02        46
          19       0.04      0.03      0.03        33
          20       0.07      0.09      0.08        32
          21       0.02      0.02      0.02        47

    accuracy                           0.10       996
   macro avg       0.09      0.10      0.09       996
weighted avg       0.09      0.10      0.09       996

{
    "loss": 3.021,
    "accuracy": 0.098,
    "f1_score": 0.098
}
---Test epoch 5---
              precision    recall  f1-score   support

           0       0.00      0.00      0.00         9
           1       0.00      0.00      0.00        14
           2       0.06      0.07      0.06        15
           3       0.24      0.31      0.27        13
           4       0.13      0.09      0.11        23
           5       0.00      0.00      0.00         6
           6       0.08      0.08      0.08        13
           7       0.17      0.18      0.17        11
           8       0.10      0.10      0.10        10
           9       0.00      0.00      0.00         6
          10       0.00      0.00      0.00         6
          11       0.00      0.00      0.00         9
          12       0.00      0.00      0.00        12
          13       0.27      0.29      0.28        14
          14       0.08      0.12      0.10         8
          15       0.00      0.00      0.00         7
          16       0.00      0.00      0.00        15
          17       0.20      0.23      0.21        13
          18       0.00      0.00      0.00        12
          19       0.14      0.08      0.10        13
          20       0.07      0.11      0.08         9
          21       0.08      0.08      0.08        12

    accuracy                           0.09       250
   macro avg       0.07      0.08      0.07       250
weighted avg       0.09      0.09      0.09       250

{
    "loss": 3.023,
    "accuracy": 0.088,
    "f1_score": 0.088
}
---Test epoch 6---
{
    "loss": 3.004,
    "accuracy": 0.107,
    "f1_score": 0.107
}
---Test epoch 6---
{
    "loss": 3.012,
    "accuracy": 0.096,
    "f1_score": 0.096
}
---Test epoch 7---
{
    "loss": 2.994,
    "accuracy": 0.116,
    "f1_score": 0.116
}
---Test epoch 7---
{
    "loss": 3.006,
    "accuracy": 0.108,
    "f1_score": 0.108
}
---Test epoch 8---
{
    "loss": 2.541,
    "accuracy": 0.511,
    "f1_score": 0.511
}
---Test epoch 8---
{
    "loss": 2.622,
    "accuracy": 0.408,
    "f1_score": 0.408
}
---Test epoch 9---
{
    "loss": 2.139,
    "accuracy": 0.789,
    "f1_score": 0.789
}
---Test epoch 9---
{
    "loss": 2.288,
    "accuracy": 0.624,
    "f1_score": 0.624
}
---Test epoch 10---
              precision    recall  f1-score   support

           0       0.93      0.98      0.95        51
           1       0.96      0.86      0.91        50
           2       0.97      1.00      0.98        59
           3       0.89      0.97      0.93        58
           4       0.96      0.90      0.93        51
           5       0.91      1.00      0.95        52
           6       1.00      0.93      0.97        45
           7       0.87      0.96      0.91        47
           8       0.93      0.74      0.82        34
           9       1.00      0.59      0.75        32
          10       0.91      0.97      0.94        30
          11       0.98      0.90      0.94        52
          12       0.77      1.00      0.87        46
          13       0.92      0.94      0.93        49
          14       0.94      0.85      0.89        39
          15       0.96      1.00      0.98        51
          16       0.97      0.77      0.86        44
          17       0.81      0.98      0.89        48
          18       0.97      0.80      0.88        46
          19       1.00      1.00      1.00        33
          20       1.00      1.00      1.00        32
          21       0.83      0.96      0.89        47

    accuracy                           0.92       996
   macro avg       0.93      0.91      0.92       996
weighted avg       0.93      0.92      0.92       996

{
    "loss": 1.742,
    "accuracy": 0.921,
    "f1_score": 0.921
}
---Test epoch 10---
              precision    recall  f1-score   support

           0       0.80      0.89      0.84         9
           1       1.00      0.64      0.78        14
           2       0.68      0.87      0.76        15
           3       0.67      0.62      0.64        13
           4       0.88      0.65      0.75        23
           5       0.36      0.83      0.50         6
           6       1.00      0.85      0.92        13
           7       0.73      1.00      0.85        11
           8       1.00      0.70      0.82        10
           9       1.00      0.33      0.50         6
          10       0.80      0.67      0.73         6
          11       0.86      0.67      0.75         9
          12       0.48      1.00      0.65        12
          13       0.83      0.71      0.77        14
          14       0.75      0.38      0.50         8
          15       0.88      1.00      0.93         7
          16       1.00      0.33      0.50        15
          17       0.68      1.00      0.81        13
          18       0.89      0.67      0.76        12
          19       0.93      1.00      0.96        13
          20       0.89      0.89      0.89         9
          21       0.65      0.92      0.76        12

    accuracy                           0.76       250
   macro avg       0.81      0.75      0.74       250
weighted avg       0.82      0.76      0.75       250

{
    "loss": 1.927,
    "accuracy": 0.756,
    "f1_score": 0.756
}
---Test epoch 11---
{
    "loss": 1.496,
    "accuracy": 0.97,
    "f1_score": 0.97
}
---Test epoch 11---
{
    "loss": 1.705,
    "accuracy": 0.88,
    "f1_score": 0.88
}
---Test epoch 12---
{
    "loss": 1.287,
    "accuracy": 0.987,
    "f1_score": 0.987
}
---Test epoch 12---
{
    "loss": 1.515,
    "accuracy": 0.92,
    "f1_score": 0.92
}
---Test epoch 13---
{
    "loss": 1.149,
    "accuracy": 0.991,
    "f1_score": 0.991
}
---Test epoch 13---
{
    "loss": 1.38,
    "accuracy": 0.94,
    "f1_score": 0.94
}
---Test epoch 14---
{
    "loss": 1.033,
    "accuracy": 0.994,
    "f1_score": 0.994
}
---Test epoch 14---
{
    "loss": 1.274,
    "accuracy": 0.956,
    "f1_score": 0.956
}
---Test epoch 15---
              precision    recall  f1-score   support

           0       0.98      0.98      0.98        51
           1       1.00      0.98      0.99        50
           2       1.00      1.00      1.00        59
           3       1.00      1.00      1.00        58
           4       1.00      1.00      1.00        51
           5       0.98      1.00      0.99        52
           6       1.00      0.98      0.99        45
           7       1.00      1.00      1.00        47
           8       1.00      1.00      1.00        34
           9       1.00      1.00      1.00        32
          10       1.00      1.00      1.00        30
          11       0.98      1.00      0.99        52
          12       1.00      1.00      1.00        46
          13       0.98      1.00      0.99        49
          14       1.00      0.97      0.99        39
          15       1.00      1.00      1.00        51
          16       1.00      1.00      1.00        44
          17       1.00      1.00      1.00        48
          18       1.00      1.00      1.00        46
          19       1.00      1.00      1.00        33
          20       1.00      1.00      1.00        32
          21       1.00      1.00      1.00        47

    accuracy                           1.00       996
   macro avg       1.00      1.00      1.00       996
weighted avg       1.00      1.00      1.00       996

{
    "loss": 0.952,
    "accuracy": 0.996,
    "f1_score": 0.996
}
---Test epoch 15---
              precision    recall  f1-score   support

           0       0.90      1.00      0.95         9
           1       1.00      0.86      0.92        14
           2       0.88      1.00      0.94        15
           3       1.00      0.92      0.96        13
           4       1.00      0.96      0.98        23
           5       0.86      1.00      0.92         6
           6       1.00      0.92      0.96        13
           7       1.00      1.00      1.00        11
           8       1.00      1.00      1.00        10
           9       1.00      0.83      0.91         6
          10       1.00      0.83      0.91         6
          11       1.00      1.00      1.00         9
          12       0.86      1.00      0.92        12
          13       0.93      1.00      0.97        14
          14       1.00      1.00      1.00         8
          15       1.00      1.00      1.00         7
          16       1.00      0.93      0.97        15
          17       1.00      1.00      1.00        13
          18       1.00      1.00      1.00        12
          19       0.93      1.00      0.96        13
          20       0.89      0.89      0.89         9
          21       1.00      1.00      1.00        12

    accuracy                           0.96       250
   macro avg       0.97      0.96      0.96       250
weighted avg       0.97      0.96      0.96       250

{
    "loss": 1.201,
    "accuracy": 0.964,
    "f1_score": 0.964
}
---Test epoch 16---
{
    "loss": 0.889,
    "accuracy": 0.996,
    "f1_score": 0.996
}
---Test epoch 16---
{
    "loss": 1.141,
    "accuracy": 0.964,
    "f1_score": 0.964
}
---Test epoch 17---
{
    "loss": 0.839,
    "accuracy": 0.996,
    "f1_score": 0.996
}
---Test epoch 17---
{
    "loss": 1.096,
    "accuracy": 0.964,
    "f1_score": 0.964
}
---Test epoch 18---
{
    "loss": 0.795,
    "accuracy": 0.996,
    "f1_score": 0.996
}
---Test epoch 18---
{
    "loss": 1.057,
    "accuracy": 0.968,
    "f1_score": 0.968
}
---Test epoch 19---
{
    "loss": 0.767,
    "accuracy": 0.997,
    "f1_score": 0.997
}
---Test epoch 19---
{
    "loss": 1.025,
    "accuracy": 0.968,
    "f1_score": 0.968
}
---Test epoch 20---
              precision    recall  f1-score   support

           0       1.00      0.98      0.99        51
           1       1.00      1.00      1.00        50
           2       1.00      1.00      1.00        59
           3       1.00      1.00      1.00        58
           4       1.00      1.00      1.00        51
           5       0.98      1.00      0.99        52
           6       1.00      0.98      0.99        45
           7       1.00      1.00      1.00        47
           8       1.00      1.00      1.00        34
           9       1.00      1.00      1.00        32
          10       1.00      1.00      1.00        30
          11       0.98      1.00      0.99        52
          12       1.00      1.00      1.00        46
          13       0.98      1.00      0.99        49
          14       1.00      0.97      0.99        39
          15       1.00      1.00      1.00        51
          16       1.00      1.00      1.00        44
          17       1.00      1.00      1.00        48
          18       1.00      1.00      1.00        46
          19       1.00      1.00      1.00        33
          20       1.00      1.00      1.00        32
          21       1.00      1.00      1.00        47

    accuracy                           1.00       996
   macro avg       1.00      1.00      1.00       996
weighted avg       1.00      1.00      1.00       996

{
    "loss": 0.737,
    "accuracy": 0.997,
    "f1_score": 0.997
}
---Test epoch 20---
              precision    recall  f1-score   support

           0       1.00      1.00      1.00         9
           1       1.00      1.00      1.00        14
           2       0.94      1.00      0.97        15
           3       1.00      0.92      0.96        13
           4       1.00      0.96      0.98        23
           5       0.86      1.00      0.92         6
           6       1.00      0.92      0.96        13
           7       1.00      1.00      1.00        11
           8       1.00      1.00      1.00        10
           9       1.00      0.83      0.91         6
          10       1.00      0.83      0.91         6
          11       1.00      1.00      1.00         9
          12       0.86      1.00      0.92        12
          13       0.88      1.00      0.93        14
          14       1.00      1.00      1.00         8
          15       1.00      1.00      1.00         7
          16       1.00      0.93      0.97        15
          17       1.00      0.92      0.96        13
          18       1.00      1.00      1.00        12
          19       0.93      1.00      0.96        13
          20       0.89      0.89      0.89         9
          21       1.00      1.00      1.00        12

    accuracy                           0.97       250
   macro avg       0.97      0.96      0.97       250
weighted avg       0.97      0.97      0.97       250

{
    "loss": 0.995,
    "accuracy": 0.968,
    "f1_score": 0.968
}
---Test epoch 21---
{
    "loss": 0.716,
    "accuracy": 0.997,
    "f1_score": 0.997
}
---Test epoch 21---
{
    "loss": 0.977,
    "accuracy": 0.968,
    "f1_score": 0.968
}
---Test epoch 22---
{
    "loss": 0.698,
    "accuracy": 0.997,
    "f1_score": 0.997
}
---Test epoch 22---
{
    "loss": 0.961,
    "accuracy": 0.968,
    "f1_score": 0.968
}
---Test epoch 23---
{
    "loss": 0.688,
    "accuracy": 0.997,
    "f1_score": 0.997
}
---Test epoch 23---
{
    "loss": 0.949,
    "accuracy": 0.964,
    "f1_score": 0.964
}
---Test epoch 24---
{
    "loss": 0.675,
    "accuracy": 0.997,
    "f1_score": 0.997
}
---Test epoch 24---
{
    "loss": 0.939,
    "accuracy": 0.972,
    "f1_score": 0.972
}
---Test epoch 25---
              precision    recall  f1-score   support

           0       1.00      0.98      0.99        51
           1       1.00      1.00      1.00        50
           2       1.00      1.00      1.00        59
           3       1.00      1.00      1.00        58
           4       1.00      1.00      1.00        51
           5       0.98      1.00      0.99        52
           6       1.00      0.98      0.99        45
           7       1.00      1.00      1.00        47
           8       1.00      1.00      1.00        34
           9       1.00      1.00      1.00        32
          10       1.00      1.00      1.00        30
          11       0.98      1.00      0.99        52
          12       1.00      1.00      1.00        46
          13       0.98      1.00      0.99        49
          14       1.00      0.97      0.99        39
          15       1.00      1.00      1.00        51
          16       1.00      1.00      1.00        44
          17       1.00      1.00      1.00        48
          18       1.00      1.00      1.00        46
          19       1.00      1.00      1.00        33
          20       1.00      1.00      1.00        32
          21       1.00      1.00      1.00        47

    accuracy                           1.00       996
   macro avg       1.00      1.00      1.00       996
weighted avg       1.00      1.00      1.00       996

{
    "loss": 0.659,
    "accuracy": 0.997,
    "f1_score": 0.997
}
---Test epoch 25---
              precision    recall  f1-score   support

           0       1.00      1.00      1.00         9
           1       1.00      1.00      1.00        14
           2       0.94      1.00      0.97        15
           3       1.00      1.00      1.00        13
           4       1.00      0.96      0.98        23
           5       0.86      1.00      0.92         6
           6       1.00      0.92      0.96        13
           7       1.00      1.00      1.00        11
           8       1.00      1.00      1.00        10
           9       1.00      0.83      0.91         6
          10       1.00      0.83      0.91         6
          11       1.00      1.00      1.00         9
          12       1.00      1.00      1.00        12
          13       0.88      1.00      0.93        14
          14       1.00      1.00      1.00         8
          15       1.00      1.00      1.00         7
          16       1.00      1.00      1.00        15
          17       1.00      0.92      0.96        13
          18       1.00      1.00      1.00        12
          19       0.93      1.00      0.96        13
          20       0.89      0.89      0.89         9
          21       1.00      1.00      1.00        12

    accuracy                           0.98       250
   macro avg       0.98      0.97      0.97       250
weighted avg       0.98      0.98      0.98       250

{
    "loss": 0.921,
    "accuracy": 0.976,
    "f1_score": 0.976
}
---Test epoch 26---
{
    "loss": 0.657,
    "accuracy": 0.997,
    "f1_score": 0.997
}
---Test epoch 26---
{
    "loss": 0.918,
    "accuracy": 0.972,
    "f1_score": 0.972
}
---Test epoch 27---
{
    "loss": 0.65,
    "accuracy": 0.997,
    "f1_score": 0.997
}
---Test epoch 27---
{
    "loss": 0.912,
    "accuracy": 0.972,
    "f1_score": 0.972
}
---Test epoch 28---
{
    "loss": 0.643,
    "accuracy": 0.997,
    "f1_score": 0.997
}
---Test epoch 28---
{
    "loss": 0.904,
    "accuracy": 0.98,
    "f1_score": 0.98
}
---Test epoch 29---
{
    "loss": 0.645,
    "accuracy": 0.997,
    "f1_score": 0.997
}
---Test epoch 29---
{
    "loss": 0.907,
    "accuracy": 0.968,
    "f1_score": 0.968
}
---Test epoch 30---
              precision    recall  f1-score   support

           0       1.00      0.98      0.99        51
           1       1.00      1.00      1.00        50
           2       1.00      1.00      1.00        59
           3       1.00      1.00      1.00        58
           4       1.00      1.00      1.00        51
           5       0.98      1.00      0.99        52
           6       1.00      0.98      0.99        45
           7       1.00      1.00      1.00        47
           8       1.00      1.00      1.00        34
           9       1.00      1.00      1.00        32
          10       1.00      1.00      1.00        30
          11       0.98      1.00      0.99        52
          12       1.00      1.00      1.00        46
          13       0.98      1.00      0.99        49
          14       1.00      0.97      0.99        39
          15       1.00      1.00      1.00        51
          16       1.00      1.00      1.00        44
          17       1.00      1.00      1.00        48
          18       1.00      1.00      1.00        46
          19       1.00      1.00      1.00        33
          20       1.00      1.00      1.00        32
          21       1.00      1.00      1.00        47

    accuracy                           1.00       996
   macro avg       1.00      1.00      1.00       996
weighted avg       1.00      1.00      1.00       996

{
    "loss": 0.635,
    "accuracy": 0.997,
    "f1_score": 0.997
}
---Test epoch 30---
              precision    recall  f1-score   support

           0       1.00      1.00      1.00         9
           1       1.00      1.00      1.00        14
           2       0.94      1.00      0.97        15
           3       1.00      1.00      1.00        13
           4       1.00      0.96      0.98        23
           5       0.86      1.00      0.92         6
           6       1.00      0.92      0.96        13
           7       1.00      1.00      1.00        11
           8       1.00      1.00      1.00        10
           9       1.00      0.83      0.91         6
          10       1.00      0.83      0.91         6
          11       1.00      1.00      1.00         9
          12       1.00      1.00      1.00        12
          13       0.82      1.00      0.90        14
          14       1.00      1.00      1.00         8
          15       1.00      1.00      1.00         7
          16       1.00      1.00      1.00        15
          17       1.00      0.85      0.92        13
          18       1.00      1.00      1.00        12
          19       0.93      1.00      0.96        13
          20       0.89      0.89      0.89         9
          21       1.00      1.00      1.00        12

    accuracy                           0.97       250
   macro avg       0.97      0.97      0.97       250
weighted avg       0.98      0.97      0.97       250

{
    "loss": 0.898,
    "accuracy": 0.972,
    "f1_score": 0.972
}
---Test epoch 31---
{
    "loss": 0.635,
    "accuracy": 0.997,
    "f1_score": 0.997
}
---Test epoch 31---
{
    "loss": 0.894,
    "accuracy": 0.98,
    "f1_score": 0.98
}
---Test epoch 32---
{
    "loss": 0.633,
    "accuracy": 0.997,
    "f1_score": 0.997
}
---Test epoch 32---
{
    "loss": 0.894,
    "accuracy": 0.98,
    "f1_score": 0.98
}
---Test epoch 33---
{
    "loss": 0.627,
    "accuracy": 0.997,
    "f1_score": 0.997
}
---Test epoch 33---
{
    "loss": 0.889,
    "accuracy": 0.976,
    "f1_score": 0.976
}
---Test epoch 34---
{
    "loss": 0.627,
    "accuracy": 0.997,
    "f1_score": 0.997
}
---Test epoch 34---
{
    "loss": 0.89,
    "accuracy": 0.98,
    "f1_score": 0.98
}
---Test epoch 35---
              precision    recall  f1-score   support

           0       1.00      0.98      0.99        51
           1       1.00      1.00      1.00        50
           2       1.00      1.00      1.00        59
           3       1.00      1.00      1.00        58
           4       1.00      1.00      1.00        51
           5       0.98      1.00      0.99        52
           6       1.00      0.98      0.99        45
           7       1.00      1.00      1.00        47
           8       1.00      1.00      1.00        34
           9       1.00      1.00      1.00        32
          10       1.00      1.00      1.00        30
          11       0.98      1.00      0.99        52
          12       1.00      1.00      1.00        46
          13       0.98      1.00      0.99        49
          14       1.00      0.97      0.99        39
          15       1.00      1.00      1.00        51
          16       1.00      1.00      1.00        44
          17       1.00      1.00      1.00        48
          18       1.00      1.00      1.00        46
          19       1.00      1.00      1.00        33
          20       1.00      1.00      1.00        32
          21       1.00      1.00      1.00        47

    accuracy                           1.00       996
   macro avg       1.00      1.00      1.00       996
weighted avg       1.00      1.00      1.00       996

{
    "loss": 0.624,
    "accuracy": 0.997,
    "f1_score": 0.997
}
---Test epoch 35---
              precision    recall  f1-score   support

           0       1.00      1.00      1.00         9
           1       1.00      1.00      1.00        14
           2       0.94      1.00      0.97        15
           3       1.00      1.00      1.00        13
           4       1.00      0.96      0.98        23
           5       0.86      1.00      0.92         6
           6       1.00      0.92      0.96        13
           7       1.00      1.00      1.00        11
           8       1.00      1.00      1.00        10
           9       1.00      0.83      0.91         6
          10       1.00      0.83      0.91         6
          11       1.00      1.00      1.00         9
          12       1.00      1.00      1.00        12
          13       0.88      1.00      0.93        14
          14       1.00      1.00      1.00         8
          15       1.00      1.00      1.00         7
          16       1.00      1.00      1.00        15
          17       1.00      0.92      0.96        13
          18       1.00      1.00      1.00        12
          19       0.93      1.00      0.96        13
          20       0.89      0.89      0.89         9
          21       1.00      1.00      1.00        12

    accuracy                           0.98       250
   macro avg       0.98      0.97      0.97       250
weighted avg       0.98      0.98      0.98       250

{
    "loss": 0.886,
    "accuracy": 0.976,
    "f1_score": 0.976
}
---Test epoch 36---
{
    "loss": 0.624,
    "accuracy": 0.997,
    "f1_score": 0.997
}
---Test epoch 36---
{
    "loss": 0.887,
    "accuracy": 0.98,
    "f1_score": 0.98
}
---Test epoch 37---
{
    "loss": 0.625,
    "accuracy": 0.997,
    "f1_score": 0.997
}
---Test epoch 37---
{
    "loss": 0.886,
    "accuracy": 0.984,
    "f1_score": 0.984
}
---Test epoch 38---
{
    "loss": 0.622,
    "accuracy": 0.997,
    "f1_score": 0.997
}
---Test epoch 38---
{
    "loss": 0.883,
    "accuracy": 0.972,
    "f1_score": 0.972
}
---Test epoch 39---
{
    "loss": 0.619,
    "accuracy": 0.997,
    "f1_score": 0.997
}
---Test epoch 39---
{
    "loss": 0.881,
    "accuracy": 0.976,
    "f1_score": 0.976
}
---Test epoch 40---
              precision    recall  f1-score   support

           0       1.00      0.98      0.99        51
           1       1.00      1.00      1.00        50
           2       1.00      1.00      1.00        59
           3       1.00      1.00      1.00        58
           4       1.00      1.00      1.00        51
           5       0.98      1.00      0.99        52
           6       1.00      0.98      0.99        45
           7       1.00      1.00      1.00        47
           8       1.00      1.00      1.00        34
           9       1.00      1.00      1.00        32
          10       1.00      1.00      1.00        30
          11       0.98      1.00      0.99        52
          12       1.00      1.00      1.00        46
          13       0.98      1.00      0.99        49
          14       1.00      0.97      0.99        39
          15       1.00      1.00      1.00        51
          16       1.00      1.00      1.00        44
          17       1.00      1.00      1.00        48
          18       1.00      1.00      1.00        46
          19       1.00      1.00      1.00        33
          20       1.00      1.00      1.00        32
          21       1.00      1.00      1.00        47

    accuracy                           1.00       996
   macro avg       1.00      1.00      1.00       996
weighted avg       1.00      1.00      1.00       996

{
    "loss": 0.62,
    "accuracy": 0.997,
    "f1_score": 0.997
}
---Test epoch 40---
              precision    recall  f1-score   support

           0       1.00      1.00      1.00         9
           1       1.00      1.00      1.00        14
           2       0.94      1.00      0.97        15
           3       1.00      1.00      1.00        13
           4       1.00      0.96      0.98        23
           5       0.86      1.00      0.92         6
           6       1.00      0.92      0.96        13
           7       1.00      1.00      1.00        11
           8       1.00      1.00      1.00        10
           9       1.00      0.83      0.91         6
          10       1.00      0.83      0.91         6
          11       1.00      1.00      1.00         9
          12       0.92      1.00      0.96        12
          13       0.88      1.00      0.93        14
          14       1.00      1.00      1.00         8
          15       1.00      1.00      1.00         7
          16       1.00      0.93      0.97        15
          17       1.00      0.92      0.96        13
          18       1.00      1.00      1.00        12
          19       0.93      1.00      0.96        13
          20       0.89      0.89      0.89         9
          21       1.00      1.00      1.00        12

    accuracy                           0.97       250
   macro avg       0.97      0.97      0.97       250
weighted avg       0.97      0.97      0.97       250

{
    "loss": 0.883,
    "accuracy": 0.972,
    "f1_score": 0.972
}
---Test epoch 41---
{
    "loss": 0.622,
    "accuracy": 0.997,
    "f1_score": 0.997
}
---Test epoch 41---
{
    "loss": 0.883,
    "accuracy": 0.98,
    "f1_score": 0.98
}
---Test epoch 42---
{
    "loss": 0.62,
    "accuracy": 0.997,
    "f1_score": 0.997
}
---Test epoch 42---
{
    "loss": 0.882,
    "accuracy": 0.976,
    "f1_score": 0.976
}
---Test epoch 43---
{
    "loss": 0.623,
    "accuracy": 0.997,
    "f1_score": 0.997
}
---Test epoch 43---
{
    "loss": 0.883,
    "accuracy": 0.98,
    "f1_score": 0.98
}
